In file included from ../lib/kerberos.cc:1:
In file included from ../lib/kerberos.h:4:
In file included from /Users/chekmanirov/.node-gyp/0.10.25/src/node.h:61:
/Users/chekmanirov/.node-gyp/0.10.25/deps/uv/include/uv.h:59:10: fatal error: 'sys/types.h' file not found
#include <sys/types.h> /* size_t */
         ^
1 error generated.
make: *** [Release/obj.target/kerberos/lib/kerberos.o] Error 1
gyp ERR! build error 
gyp ERR! stack Error: `make` failed with exit code: 2
gyp ERR! stack     at ChildProcess.onExit (/usr/local/lib/node_modules/npm/node_modules/node-gyp/lib/build.js:267:23)
gyp ERR! stack     at ChildProcess.EventEmitter.emit (events.js:98:17)
gyp ERR! stack     at Process.ChildProcess._handle.onexit (child_process.js:797:12)
gyp ERR! System Darwin 14.0.0
gyp ERR! command "node" "/usr/local/lib/node_modules/npm/node_modules/node-gyp/bin/node-gyp.js" "rebuild"
gyp ERR! cwd /Users/chekmanirov/Documents/heroku/trend/node_modules/mongodb/node_modules/kerberos
gyp ERR! node -v v0.10.25
gyp ERR! node-gyp -v v0.12.2
gyp ERR! not ok 
